Arguments: 
  /Users/amandakoster/.nvm/versions/node/v6.11.0/bin/node /Users/amandakoster/.nvm/versions/node/v6.11.0/bin/yarn add eslint

PATH: 
  /Users/amandakoster/.nvm/versions/node/v6.11.0/bin:/usr/local/bin:/usr/bin:/bin:/usr/sbin:/sbin

Yarn version: 
  0.27.5

Node version: 
  6.11.0

Platform: 
  darwin x64

npm manifest: 
  

yarn manifest: 
  No manifest

Lockfile: 
  No lockfile

Trace: 
  SyntaxError: /Users/amandakoster/Documents/Amanda/learnings/CodeFellows/401/dot-game2/package.json: Unexpected end of JSON input
      at Object.parse (native)
      at /Users/amandakoster/.nvm/versions/node/v6.11.0/lib/node_modules/yarn/lib/util/fs.js:554:57
      at next (native)
      at step (/Users/amandakoster/.nvm/versions/node/v6.11.0/lib/node_modules/yarn/node_modules/babel-runtime/helpers/asyncToGenerator.js:17:30)
      at /Users/amandakoster/.nvm/versions/node/v6.11.0/lib/node_modules/yarn/node_modules/babel-runtime/helpers/asyncToGenerator.js:28:13
